# JRE version: OpenJDK Runtime Environment (11.0.8+10) (build 11.0.8+10-b944.6842174)
# Java VM: OpenJDK 64-Bit Server VM (11.0.8+10-b944.6842174, mixed mode, tiered, compressed oops, g1 gc, windows-amd64)
Heap:
 garbage-first heap   total 318464K, used 156115K [0x0000000080000000, 0x0000000100000000)
  region size 1024K, 33 young (33792K), 1 survivors (1024K)
 Metaspace       used 117178K, capacity 120343K, committed 123504K, reserved 1155072K
  class space    used 14236K, capacity 15398K, committed 17100K, reserved 1048576K
GC Heap History (20 events):
Event: 2713.853 GC heap before
{Heap before GC invocations=104 (full 0):
 garbage-first heap   total 318464K, used 117468K [0x0000000080000000, 0x0000000100000000)
  region size 1024K, 15 young (15360K), 14 survivors (14336K)
 Metaspace       used 116819K, capacity 120014K, committed 123248K, reserved 1155072K
  class space    used 14235K, capacity 15397K, committed 17100K, reserved 1048576K
}
Event: 2713.865 GC heap after
{Heap after GC invocations=105 (full 0):
 garbage-first heap   total 318464K, used 107269K [0x0000000080000000, 0x0000000100000000)
  region size 1024K, 2 young (2048K), 2 survivors (2048K)
 Metaspace       used 116819K, capacity 120014K, committed 123248K, reserved 1155072K
  class space    used 14235K, capacity 15397K, committed 17100K, reserved 1048576K
}
Event: 2714.018 GC heap before
{Heap before GC invocations=105 (full 0):
 garbage-first heap   total 318464K, used 171781K [0x0000000080000000, 0x0000000100000000)
  region size 1024K, 66 young (67584K), 2 survivors (2048K)
 Metaspace       used 116821K, capacity 120014K, committed 123248K, reserved 1155072K
  class space    used 14235K, capacity 15397K, committed 17100K, reserved 1048576K
}
Event: 2714.035 GC heap after
{Heap after GC invocations=106 (full 0):
 garbage-first heap   total 318464K, used 138240K [0x0000000080000000, 0x0000000100000000)
  region size 1024K, 14 young (14336K), 14 survivors (14336K)
 Metaspace       used 116821K, capacity 120014K, committed 123248K, reserved 1155072K
  class space    used 14235K, capacity 15397K, committed 17100K, reserved 1048576K
}
Event: 2714.372 GC heap before
{Heap before GC invocations=107 (full 0):
 garbage-first heap   total 318464K, used 234496K [0x0000000080000000, 0x0000000100000000)
  region size 1024K, 99 young (101376K), 14 survivors (14336K)
 Metaspace       used 116827K, capacity 120014K, committed 123248K, reserved 1155072K
  class space    used 14235K, capacity 15397K, committed 17100K, reserved 1048576K
}
Event: 2714.388 GC heap after
{Heap after GC invocations=108 (full 0):
 garbage-first heap   total 318464K, used 137107K [0x0000000080000000, 0x0000000100000000)
  region size 1024K, 2 young (2048K), 2 survivors (2048K)
 Metaspace       used 116827K, capacity 120014K, committed 123248K, reserved 1155072K
  class space    used 14235K, capacity 15397K, committed 17100K, reserved 1048576K
}
Event: 2784.780 GC heap before
{Heap before GC invocations=108 (full 0):
 garbage-first heap   total 318464K, used 168851K [0x0000000080000000, 0x0000000100000000)
  region size 1024K, 15 young (15360K), 2 survivors (2048K)
 Metaspace       used 116851K, capacity 120014K, committed 123248K, reserved 1155072K
  class space    used 14235K, capacity 15397K, committed 17100K, reserved 1048576K
}
Event: 2784.785 GC heap after
{Heap after GC invocations=109 (full 0):
 garbage-first heap   total 318464K, used 131524K [0x0000000080000000, 0x0000000100000000)
  region size 1024K, 2 young (2048K), 2 survivors (2048K)
 Metaspace       used 116851K, capacity 120014K, committed 123248K, reserved 1155072K
  class space    used 14235K, capacity 15397K, committed 17100K, reserved 1048576K
}
Event: 2785.002 GC heap before
{Heap before GC invocations=109 (full 0):
 garbage-first heap   total 318464K, used 197060K [0x0000000080000000, 0x0000000100000000)
  region size 1024K, 68 young (69632K), 2 survivors (2048K)
 Metaspace       used 116957K, capacity 120145K, committed 123248K, reserved 1155072K
  class space    used 14235K, capacity 15397K, committed 17100K, reserved 1048576K
}
Event: 2785.010 GC heap after
{Heap after GC invocations=110 (full 0):
 garbage-first heap   total 318464K, used 136227K [0x0000000080000000, 0x0000000100000000)
  region size 1024K, 7 young (7168K), 7 survivors (7168K)
 Metaspace       used 116957K, capacity 120145K, committed 123248K, reserved 1155072K
  class space    used 14235K, capacity 15397K, committed 17100K, reserved 1048576K
}
Event: 2785.264 GC heap before
{Heap before GC invocations=111 (full 0):
 garbage-first heap   total 318464K, used 204835K [0x0000000080000000, 0x0000000100000000)
  region size 1024K, 99 young (101376K), 7 survivors (7168K)
 Metaspace       used 117135K, capacity 120337K, committed 123504K, reserved 1155072K
  class space    used 14235K, capacity 15397K, committed 17100K, reserved 1048576K
}
Event: 2785.270 GC heap after
{Heap after GC invocations=112 (full 0):
 garbage-first heap   total 318464K, used 108688K [0x0000000080000000, 0x0000000100000000)
  region size 1024K, 10 young (10240K), 10 survivors (10240K)
 Metaspace       used 117135K, capacity 120337K, committed 123504K, reserved 1155072K
  class space    used 14235K, capacity 15397K, committed 17100K, reserved 1048576K
}
Event: 2785.277 GC heap before
{Heap before GC invocations=112 (full 0):
 garbage-first heap   total 318464K, used 113808K [0x0000000080000000, 0x0000000100000000)
  region size 1024K, 15 young (15360K), 10 survivors (10240K)
 Metaspace       used 117135K, capacity 120337K, committed 123504K, reserved 1155072K
  class space    used 14235K, capacity 15397K, committed 17100K, reserved 1048576K
}
Event: 2785.284 GC heap after
{Heap after GC invocations=113 (full 0):
 garbage-first heap   total 318464K, used 95009K [0x0000000080000000, 0x0000000100000000)
  region size 1024K, 2 young (2048K), 2 survivors (2048K)
 Metaspace       used 117135K, capacity 120337K, committed 123504K, reserved 1155072K
  class space    used 14235K, capacity 15397K, committed 17100K, reserved 1048576K
}
Event: 2785.466 GC heap before
{Heap before GC invocations=113 (full 0):
 garbage-first heap   total 318464K, used 177953K [0x0000000080000000, 0x0000000100000000)
  region size 1024K, 85 young (87040K), 2 survivors (2048K)
 Metaspace       used 117139K, capacity 120337K, committed 123504K, reserved 1155072K
  class space    used 14235K, capacity 15397K, committed 17100K, reserved 1048576K
}
Event: 2785.491 GC heap after
{Heap after GC invocations=114 (full 0):
 garbage-first heap   total 318464K, used 134270K [0x0000000080000000, 0x0000000100000000)
  region size 1024K, 15 young (15360K), 15 survivors (15360K)
 Metaspace       used 117139K, capacity 120337K, committed 123504K, reserved 1155072K
  class space    used 14235K, capacity 15397K, committed 17100K, reserved 1048576K
}
Event: 2785.833 GC heap before
{Heap before GC invocations=115 (full 0):
 garbage-first heap   total 318464K, used 228478K [0x0000000080000000, 0x0000000100000000)
  region size 1024K, 100 young (102400K), 15 survivors (15360K)
 Metaspace       used 117147K, capacity 120343K, committed 123504K, reserved 1155072K
  class space    used 14236K, capacity 15398K, committed 17100K, reserved 1048576K
}
Event: 2785.854 GC heap after
{Heap after GC invocations=116 (full 0):
 garbage-first heap   total 318464K, used 131639K [0x0000000080000000, 0x0000000100000000)
  region size 1024K, 3 young (3072K), 3 survivors (3072K)
 Metaspace       used 117147K, capacity 120343K, committed 123504K, reserved 1155072K
  class space    used 14236K, capacity 15398K, committed 17100K, reserved 1048576K
}
Event: 2791.236 GC heap before
{Heap before GC invocations=116 (full 0):
 garbage-first heap   total 318464K, used 162359K [0x0000000080000000, 0x0000000100000000)
  region size 1024K, 15 young (15360K), 3 survivors (3072K)
 Metaspace       used 117157K, capacity 120343K, committed 123504K, reserved 1155072K
  class space    used 14236K, capacity 15398K, committed 17100K, reserved 1048576K
}
Event: 2791.249 GC heap after
{Heap after GC invocations=117 (full 0):
 garbage-first heap   total 318464K, used 125395K [0x0000000080000000, 0x0000000100000000)
  region size 1024K, 1 young (1024K), 1 survivors (1024K)
 Metaspace       used 117157K, capacity 120343K, committed 123504K, reserved 1155072K
  class space    used 14236K, capacity 15398K, committed 17100K, reserved 1048576K
}

