# JRE version: OpenJDK Runtime Environment (11.0.8+10) (build 11.0.8+10-b944.6842174)
# Java VM: OpenJDK 64-Bit Server VM (11.0.8+10-b944.6842174, mixed mode, tiered, compressed oops, g1 gc, windows-amd64)
Heap:
 garbage-first heap   total 452608K, used 155575K [0x0000000080000000, 0x0000000100000000)
  region size 1024K, 25 young (25600K), 12 survivors (12288K)
 Metaspace       used 133062K, capacity 136663K, committed 137236K, reserved 1169408K
  class space    used 16129K, capacity 17332K, committed 17664K, reserved 1048576K
GC Heap History (20 events):
Event: 196.173 GC heap before
{Heap before GC invocations=44 (full 0):
 garbage-first heap   total 319488K, used 254940K [0x0000000080000000, 0x0000000100000000)
  region size 1024K, 126 young (129024K), 6 survivors (6144K)
 Metaspace       used 128056K, capacity 131434K, committed 132756K, reserved 1165312K
  class space    used 15709K, capacity 16832K, committed 17280K, reserved 1048576K
}
Event: 196.179 GC heap after
{Heap after GC invocations=45 (full 0):
 garbage-first heap   total 319488K, used 137828K [0x0000000080000000, 0x0000000100000000)
  region size 1024K, 10 young (10240K), 10 survivors (10240K)
 Metaspace       used 128056K, capacity 131434K, committed 132756K, reserved 1165312K
  class space    used 15709K, capacity 16832K, committed 17280K, reserved 1048576K
}
Event: 196.345 GC heap before
{Heap before GC invocations=45 (full 0):
 garbage-first heap   total 319488K, used 258660K [0x0000000080000000, 0x0000000100000000)
  region size 1024K, 129 young (132096K), 10 survivors (10240K)
 Metaspace       used 128465K, capacity 131824K, committed 133140K, reserved 1165312K
  class space    used 15742K, capacity 16873K, committed 17408K, reserved 1048576K
}
Event: 196.351 GC heap after
{Heap after GC invocations=46 (full 0):
 garbage-first heap   total 319488K, used 136329K [0x0000000080000000, 0x0000000100000000)
  region size 1024K, 8 young (8192K), 8 survivors (8192K)
 Metaspace       used 128465K, capacity 131824K, committed 133140K, reserved 1165312K
  class space    used 15742K, capacity 16873K, committed 17408K, reserved 1048576K
}
Event: 196.540 GC heap before
{Heap before GC invocations=46 (full 0):
 garbage-first heap   total 319488K, used 261257K [0x0000000080000000, 0x0000000100000000)
  region size 1024K, 131 young (134144K), 8 survivors (8192K)
 Metaspace       used 128867K, capacity 132333K, committed 133652K, reserved 1165312K
  class space    used 15776K, capacity 16935K, committed 17408K, reserved 1048576K
}
Event: 196.547 GC heap after
{Heap after GC invocations=47 (full 0):
 garbage-first heap   total 384000K, used 136449K [0x0000000080000000, 0x0000000100000000)
  region size 1024K, 8 young (8192K), 8 survivors (8192K)
 Metaspace       used 128867K, capacity 132333K, committed 133652K, reserved 1165312K
  class space    used 15776K, capacity 16935K, committed 17408K, reserved 1048576K
}
Event: 196.795 GC heap before
{Heap before GC invocations=47 (full 0):
 garbage-first heap   total 384000K, used 308481K [0x0000000080000000, 0x0000000100000000)
  region size 1024K, 177 young (181248K), 8 survivors (8192K)
 Metaspace       used 129065K, capacity 132484K, committed 133652K, reserved 1165312K
  class space    used 15777K, capacity 16936K, committed 17408K, reserved 1048576K
}
Event: 196.801 GC heap after
{Heap after GC invocations=48 (full 0):
 garbage-first heap   total 384000K, used 136173K [0x0000000080000000, 0x0000000100000000)
  region size 1024K, 7 young (7168K), 7 survivors (7168K)
 Metaspace       used 129065K, capacity 132484K, committed 133652K, reserved 1165312K
  class space    used 15777K, capacity 16936K, committed 17408K, reserved 1048576K
}
Event: 197.169 GC heap before
{Heap before GC invocations=48 (full 0):
 garbage-first heap   total 384000K, used 320493K [0x0000000080000000, 0x0000000100000000)
  region size 1024K, 187 young (191488K), 7 survivors (7168K)
 Metaspace       used 129252K, capacity 132691K, committed 133908K, reserved 1165312K
  class space    used 15777K, capacity 16936K, committed 17408K, reserved 1048576K
}
Event: 197.177 GC heap after
{Heap after GC invocations=49 (full 0):
 garbage-first heap   total 384000K, used 136802K [0x0000000080000000, 0x0000000100000000)
  region size 1024K, 8 young (8192K), 8 survivors (8192K)
 Metaspace       used 129252K, capacity 132691K, committed 133908K, reserved 1165312K
  class space    used 15777K, capacity 16936K, committed 17408K, reserved 1048576K
}
Event: 197.794 GC heap before
{Heap before GC invocations=49 (full 0):
 garbage-first heap   total 384000K, used 323170K [0x0000000080000000, 0x0000000100000000)
  region size 1024K, 190 young (194560K), 8 survivors (8192K)
 Metaspace       used 129429K, capacity 132852K, committed 133908K, reserved 1165312K
  class space    used 15777K, capacity 16936K, committed 17408K, reserved 1048576K
}
Event: 197.802 GC heap after
{Heap after GC invocations=50 (full 0):
 garbage-first heap   total 384000K, used 136308K [0x0000000080000000, 0x0000000100000000)
  region size 1024K, 8 young (8192K), 8 survivors (8192K)
 Metaspace       used 129429K, capacity 132852K, committed 133908K, reserved 1165312K
  class space    used 15777K, capacity 16936K, committed 17408K, reserved 1048576K
}
Event: 198.359 GC heap before
{Heap before GC invocations=50 (full 0):
 garbage-first heap   total 384000K, used 325748K [0x0000000080000000, 0x0000000100000000)
  region size 1024K, 193 young (197632K), 8 survivors (8192K)
 Metaspace       used 129483K, capacity 132918K, committed 134164K, reserved 1167360K
  class space    used 15777K, capacity 16936K, committed 17408K, reserved 1048576K
}
Event: 198.370 GC heap after
{Heap after GC invocations=51 (full 0):
 garbage-first heap   total 452608K, used 138769K [0x0000000080000000, 0x0000000100000000)
  region size 1024K, 10 young (10240K), 10 survivors (10240K)
 Metaspace       used 129483K, capacity 132918K, committed 134164K, reserved 1167360K
  class space    used 15777K, capacity 16936K, committed 17408K, reserved 1048576K
}
Event: 199.046 GC heap before
{Heap before GC invocations=51 (full 0):
 garbage-first heap   total 452608K, used 382481K [0x0000000080000000, 0x0000000100000000)
  region size 1024K, 247 young (252928K), 10 survivors (10240K)
 Metaspace       used 129564K, capacity 132986K, committed 134164K, reserved 1167360K
  class space    used 15778K, capacity 16936K, committed 17408K, reserved 1048576K
}
Event: 199.055 GC heap after
{Heap after GC invocations=52 (full 0):
 garbage-first heap   total 452608K, used 139585K [0x0000000080000000, 0x0000000100000000)
  region size 1024K, 11 young (11264K), 11 survivors (11264K)
 Metaspace       used 129564K, capacity 132986K, committed 134164K, reserved 1167360K
  class space    used 15778K, capacity 16936K, committed 17408K, reserved 1048576K
}
Event: 4172.673 GC heap before
{Heap before GC invocations=52 (full 0):
 garbage-first heap   total 452608K, used 401729K [0x0000000080000000, 0x0000000100000000)
  region size 1024K, 254 young (260096K), 11 survivors (11264K)
 Metaspace       used 131942K, capacity 135521K, committed 136084K, reserved 1167360K
  class space    used 16050K, capacity 17237K, committed 17536K, reserved 1048576K
}
Event: 4172.703 GC heap after
{Heap after GC invocations=53 (full 0):
 garbage-first heap   total 452608K, used 139627K [0x0000000080000000, 0x0000000100000000)
  region size 1024K, 11 young (11264K), 11 survivors (11264K)
 Metaspace       used 131942K, capacity 135521K, committed 136084K, reserved 1167360K
  class space    used 16050K, capacity 17237K, committed 17536K, reserved 1048576K
}
Event: 10702.675 GC heap before
{Heap before GC invocations=53 (full 0):
 garbage-first heap   total 452608K, used 393579K [0x0000000080000000, 0x0000000100000000)
  region size 1024K, 258 young (264192K), 11 survivors (11264K)
 Metaspace       used 133009K, capacity 136559K, committed 136980K, reserved 1169408K
  class space    used 16122K, capacity 17323K, committed 17664K, reserved 1048576K
}
Event: 10702.688 GC heap after
{Heap after GC invocations=54 (full 0):
 garbage-first heap   total 452608K, used 143287K [0x0000000080000000, 0x0000000100000000)
  region size 1024K, 12 young (12288K), 12 survivors (12288K)
 Metaspace       used 133009K, capacity 136559K, committed 136980K, reserved 1169408K
  class space    used 16122K, capacity 17323K, committed 17664K, reserved 1048576K
}

